Arguments: 
  F:\soft\nodejs\node.exe F:\soft\nodejs\node_global\node_modules\yarn\bin\yarn.js dev

PATH: 
  C:\Program Files (x86)\Common Files\Oracle\Java\javapath;C:\Program Files (x86)\Intel\Intel(R) Management Engine Components\iCLS\;C:\Program Files\Intel\Intel(R) Management Engine Components\iCLS\;C:\WINDOWS\system32;C:\WINDOWS;C:\WINDOWS\System32\Wbem;C:\WINDOWS\System32\WindowsPowerShell\v1.0\;C:\Program Files (x86)\Intel\Intel(R) Management Engine Components\DAL;C:\Program Files\Intel\Intel(R) Management Engine Components\DAL;C:\Program Files (x86)\Intel\Intel(R) Management Engine Components\IPT;C:\Program Files\Intel\Intel(R) Management Engine Components\IPT;F:\soft\TortoiseSVN\bin;F:\soft\nodejs\;F:\soft\Git\cmd;C:\WINDOWS\System32\OpenSSH\;F:\soft\Java\jdk1.8.0_172\bin;F:\soft\Java\jdk1.8.0_172\jre\bin;F:\sof\Anaconda3;F:\sof\Anaconda3\Library\mingw-w64\bin;F:\sof\Anaconda3\Library\usr\bin;F:\sof\Anaconda3\Library\bin;F:\sof\Anaconda3\Scripts;C:\Users\LuYiming\AppData\Local\Microsoft\WindowsApps;F:\soft\Microsoft VS Code\bin;F:\soft\nodejs\node_global;F:\soft\Java\jdk1.8.0_172\bin;F:\soft\Java\jdk1.8.0_172\jre\bin;

Yarn version: 
  1.17.3

Node version: 
  8.12.0

Platform: 
  win32 x64

Trace: 
  SyntaxError: D:\studyspace\webpackdemo\vuecli\package.json: Unexpected token } in JSON at position 307
      at JSON.parse (<anonymous>)
      at F:\soft\nodejs\node_global\node_modules\yarn\lib\cli.js:1625:59
      at Generator.next (<anonymous>)
      at step (F:\soft\nodejs\node_global\node_modules\yarn\lib\cli.js:304:30)
      at F:\soft\nodejs\node_global\node_modules\yarn\lib\cli.js:315:13
      at <anonymous>

npm manifest: 
  {
  	"name": "webpackdemo",
  	"version": "1.0.0",
  	"description": "",
  	"main": "index.js",
  	"scripts": {
  		"test": "echo \"Error: no test specified\" && exit 1",
  		"debug": "node --inspect ./webpack/webpack.config.js",
  		"build": "webpack --config ./webpack/webpack.config.js",
  		"dev": "webpack-dev-server",
  	},
  	"author": "",
  	"license": "ISC",
  	"devDependencies": {
  		"@babel/core": "^7.6.0",
  		"@babel/preset-env": "^7.6.0",
  		"autoprefixer": "^9.6.1",
  		"babel-loader": "^8.0.6",
  		"css-loader": "^3.2.0",
  		"file-loader": "^4.2.0",
  		"node-sass": "^4.12.0",
  		"postcss-loader": "^3.0.0",
  		"sass-loader": "^8.0.0",
  		"style-loader": "^1.0.0",
  		"url-loader": "^2.1.0",
  		"webpack": "^4.39.3",
  		"webpack-cli": "^3.3.8"
  	},
  	"dependencies": {},
  	"browserslist": [
  		"> 0.001%",
  		"ios > 3.0",
  		"android >= 2.0",
  		"ie >= 8"
  	]
  }

yarn manifest: 
  No manifest

Lockfile: 
  # THIS IS AN AUTOGENERATED FILE. DO NOT EDIT THIS FILE DIRECTLY.
  # yarn lockfile v1
